<?xml version="1.0" encoding="UTF-8"?>
<!-- Generated by org.testng.reporters.JUnitReportReporter -->
<testsuite hostname="DESKTOP-C31HH70" failures="0" tests="3" name="test.FundsPage" time="38.707" errors="0" timestamp="2022-08-29T15:00:33 IST" skipped="0">
  <testcase classname="test.FundsPage" name="data" time="10.321"/>
  <system-out/>
  <testcase classname="test.FundsPage" name="data" time="19.494"/>
  <system-out/>
  <testcase classname="test.FundsPage" name="data" time="8.892"/>
  <system-out/>
</testsuite> <!-- test.FundsPage -->
