<?xml version="1.0" encoding="UTF-8"?>
<!-- Generated by org.testng.reporters.JUnitReportReporter -->
<testsuite hostname="DESKTOP-C31HH70" failures="0" tests="3" name="test.LoginPageTest" time="16.979" errors="0" timestamp="2022-08-29T14:47:33 IST" skipped="0">
  <testcase classname="test.LoginPageTest" name="data" time="5.429"/>
  <system-out/>
  <testcase classname="test.LoginPageTest" name="data" time="4.664"/>
  <system-out/>
  <testcase classname="test.LoginPageTest" name="data" time="6.886"/>
  <system-out/>
</testsuite> <!-- test.LoginPageTest -->
